{"/home/tim/WebstormProjects/SoftwareEngineering/backend/controllers/shoppinglistController.js": {"path":"/home/tim/WebstormProjects/SoftwareEngineering/backend/controllers/shoppinglistController.js","statementMap":{"0":{"start":{"line":1,"column":11},"end":{"line":1,"column":33}},"1":{"start":{"line":2,"column":13},"end":{"line":2,"column":28}},"2":{"start":{"line":3,"column":50},"end":{"line":3,"column":88}},"3":{"start":{"line":14,"column":0},"end":{"line":23,"column":2}},"4":{"start":{"line":15,"column":4},"end":{"line":22,"column":5}},"5":{"start":{"line":16,"column":21},"end":{"line":16,"column":45}},"6":{"start":{"line":17,"column":27},"end":{"line":17,"column":44}},"7":{"start":{"line":18,"column":8},"end":{"line":18,"column":29}},"8":{"start":{"line":20,"column":8},"end":{"line":20,"column":68}},"9":{"start":{"line":21,"column":8},"end":{"line":21,"column":65}},"10":{"start":{"line":34,"column":0},"end":{"line":46,"column":2}},"11":{"start":{"line":35,"column":21},"end":{"line":35,"column":39}},"12":{"start":{"line":36,"column":4},"end":{"line":38,"column":5}},"13":{"start":{"line":37,"column":8},"end":{"line":37,"column":88}},"14":{"start":{"line":39,"column":4},"end":{"line":45,"column":5}},"15":{"start":{"line":40,"column":21},"end":{"line":40,"column":45}},"16":{"start":{"line":41,"column":8},"end":{"line":41,"column":39}},"17":{"start":{"line":43,"column":8},"end":{"line":43,"column":65}},"18":{"start":{"line":44,"column":8},"end":{"line":44,"column":65}},"19":{"start":{"line":57,"column":0},"end":{"line":80,"column":2}},"20":{"start":{"line":58,"column":35},"end":{"line":58,"column":43}},"21":{"start":{"line":59,"column":4},"end":{"line":61,"column":5}},"22":{"start":{"line":60,"column":8},"end":{"line":60,"column":94}},"23":{"start":{"line":62,"column":4},"end":{"line":79,"column":5}},"24":{"start":{"line":63,"column":21},"end":{"line":63,"column":45}},"25":{"start":{"line":64,"column":8},"end":{"line":66,"column":9}},"26":{"start":{"line":65,"column":12},"end":{"line":65,"column":79}},"27":{"start":{"line":67,"column":25},"end":{"line":67,"column":76}},"28":{"start":{"line":67,"column":53},"end":{"line":67,"column":75}},"29":{"start":{"line":68,"column":8},"end":{"line":70,"column":9}},"30":{"start":{"line":69,"column":12},"end":{"line":69,"column":80}},"31":{"start":{"line":71,"column":23},"end":{"line":71,"column":107}},"32":{"start":{"line":72,"column":24},"end":{"line":72,"column":74}},"33":{"start":{"line":73,"column":8},"end":{"line":73,"column":37}},"34":{"start":{"line":74,"column":8},"end":{"line":74,"column":40}},"35":{"start":{"line":75,"column":8},"end":{"line":75,"column":38}},"36":{"start":{"line":77,"column":8},"end":{"line":77,"column":68}},"37":{"start":{"line":78,"column":8},"end":{"line":78,"column":65}},"38":{"start":{"line":91,"column":0},"end":{"line":112,"column":2}},"39":{"start":{"line":92,"column":35},"end":{"line":92,"column":43}},"40":{"start":{"line":93,"column":4},"end":{"line":95,"column":5}},"41":{"start":{"line":94,"column":8},"end":{"line":94,"column":94}},"42":{"start":{"line":96,"column":4},"end":{"line":111,"column":5}},"43":{"start":{"line":97,"column":21},"end":{"line":97,"column":45}},"44":{"start":{"line":98,"column":8},"end":{"line":100,"column":9}},"45":{"start":{"line":99,"column":12},"end":{"line":99,"column":79}},"46":{"start":{"line":101,"column":31},"end":{"line":101,"column":52}},"47":{"start":{"line":102,"column":8},"end":{"line":102,"column":79}},"48":{"start":{"line":102,"column":55},"end":{"line":102,"column":77}},"49":{"start":{"line":103,"column":8},"end":{"line":105,"column":9}},"50":{"start":{"line":104,"column":12},"end":{"line":104,"column":77}},"51":{"start":{"line":106,"column":8},"end":{"line":106,"column":40}},"52":{"start":{"line":107,"column":8},"end":{"line":107,"column":72}},"53":{"start":{"line":109,"column":8},"end":{"line":109,"column":66}},"54":{"start":{"line":110,"column":8},"end":{"line":110,"column":65}},"55":{"start":{"line":123,"column":0},"end":{"line":144,"column":2}},"56":{"start":{"line":124,"column":35},"end":{"line":124,"column":43}},"57":{"start":{"line":125,"column":4},"end":{"line":127,"column":5}},"58":{"start":{"line":126,"column":8},"end":{"line":126,"column":94}},"59":{"start":{"line":128,"column":4},"end":{"line":143,"column":5}},"60":{"start":{"line":129,"column":21},"end":{"line":129,"column":45}},"61":{"start":{"line":130,"column":8},"end":{"line":132,"column":9}},"62":{"start":{"line":131,"column":12},"end":{"line":131,"column":79}},"63":{"start":{"line":133,"column":21},"end":{"line":133,"column":72}},"64":{"start":{"line":133,"column":49},"end":{"line":133,"column":71}},"65":{"start":{"line":134,"column":8},"end":{"line":136,"column":9}},"66":{"start":{"line":135,"column":12},"end":{"line":135,"column":77}},"67":{"start":{"line":137,"column":8},"end":{"line":137,"column":31}},"68":{"start":{"line":138,"column":8},"end":{"line":138,"column":40}},"69":{"start":{"line":139,"column":8},"end":{"line":139,"column":71}},"70":{"start":{"line":141,"column":8},"end":{"line":141,"column":77}},"71":{"start":{"line":142,"column":8},"end":{"line":142,"column":65}},"72":{"start":{"line":155,"column":0},"end":{"line":180,"column":2}},"73":{"start":{"line":156,"column":51},"end":{"line":156,"column":59}},"74":{"start":{"line":157,"column":4},"end":{"line":159,"column":5}},"75":{"start":{"line":158,"column":8},"end":{"line":158,"column":107}},"76":{"start":{"line":160,"column":4},"end":{"line":179,"column":5}},"77":{"start":{"line":161,"column":21},"end":{"line":161,"column":45}},"78":{"start":{"line":162,"column":8},"end":{"line":164,"column":9}},"79":{"start":{"line":163,"column":12},"end":{"line":163,"column":79}},"80":{"start":{"line":165,"column":26},"end":{"line":165,"column":109}},"81":{"start":{"line":165,"column":54},"end":{"line":165,"column":108}},"82":{"start":{"line":166,"column":8},"end":{"line":168,"column":9}},"83":{"start":{"line":167,"column":12},"end":{"line":167,"column":84}},"84":{"start":{"line":169,"column":21},"end":{"line":169,"column":75}},"85":{"start":{"line":169,"column":49},"end":{"line":169,"column":74}},"86":{"start":{"line":170,"column":8},"end":{"line":172,"column":9}},"87":{"start":{"line":171,"column":12},"end":{"line":171,"column":77}},"88":{"start":{"line":173,"column":8},"end":{"line":173,"column":32}},"89":{"start":{"line":174,"column":8},"end":{"line":174,"column":40}},"90":{"start":{"line":175,"column":8},"end":{"line":175,"column":72}},"91":{"start":{"line":177,"column":8},"end":{"line":177,"column":72}},"92":{"start":{"line":178,"column":8},"end":{"line":178,"column":65}},"93":{"start":{"line":191,"column":0},"end":{"line":220,"column":2}},"94":{"start":{"line":192,"column":35},"end":{"line":192,"column":43}},"95":{"start":{"line":193,"column":4},"end":{"line":195,"column":5}},"96":{"start":{"line":194,"column":8},"end":{"line":194,"column":94}},"97":{"start":{"line":196,"column":4},"end":{"line":219,"column":5}},"98":{"start":{"line":197,"column":21},"end":{"line":197,"column":45}},"99":{"start":{"line":198,"column":8},"end":{"line":200,"column":9}},"100":{"start":{"line":199,"column":12},"end":{"line":199,"column":79}},"101":{"start":{"line":201,"column":26},"end":{"line":201,"column":28}},"102":{"start":{"line":202,"column":8},"end":{"line":207,"column":11}},"103":{"start":{"line":203,"column":25},"end":{"line":203,"column":76}},"104":{"start":{"line":203,"column":53},"end":{"line":203,"column":75}},"105":{"start":{"line":204,"column":12},"end":{"line":206,"column":13}},"106":{"start":{"line":205,"column":16},"end":{"line":205,"column":37}},"107":{"start":{"line":208,"column":8},"end":{"line":212,"column":11}},"108":{"start":{"line":209,"column":12},"end":{"line":211,"column":13}},"109":{"start":{"line":210,"column":16},"end":{"line":210,"column":37}},"110":{"start":{"line":213,"column":8},"end":{"line":213,"column":35}},"111":{"start":{"line":214,"column":8},"end":{"line":214,"column":40}},"112":{"start":{"line":215,"column":8},"end":{"line":215,"column":88}},"113":{"start":{"line":217,"column":8},"end":{"line":217,"column":75}},"114":{"start":{"line":218,"column":8},"end":{"line":218,"column":65}},"115":{"start":{"line":231,"column":0},"end":{"line":248,"column":2}},"116":{"start":{"line":232,"column":29},"end":{"line":232,"column":37}},"117":{"start":{"line":233,"column":4},"end":{"line":235,"column":5}},"118":{"start":{"line":234,"column":8},"end":{"line":234,"column":82}},"119":{"start":{"line":236,"column":4},"end":{"line":247,"column":5}},"120":{"start":{"line":237,"column":21},"end":{"line":237,"column":45}},"121":{"start":{"line":238,"column":8},"end":{"line":240,"column":9}},"122":{"start":{"line":239,"column":12},"end":{"line":239,"column":82}},"123":{"start":{"line":241,"column":8},"end":{"line":241,"column":32}},"124":{"start":{"line":242,"column":8},"end":{"line":242,"column":40}},"125":{"start":{"line":243,"column":8},"end":{"line":243,"column":78}},"126":{"start":{"line":245,"column":8},"end":{"line":245,"column":69}},"127":{"start":{"line":246,"column":8},"end":{"line":246,"column":65}},"128":{"start":{"line":259,"column":0},"end":{"line":276,"column":2}},"129":{"start":{"line":260,"column":29},"end":{"line":260,"column":37}},"130":{"start":{"line":261,"column":4},"end":{"line":263,"column":5}},"131":{"start":{"line":262,"column":8},"end":{"line":262,"column":82}},"132":{"start":{"line":264,"column":4},"end":{"line":275,"column":5}},"133":{"start":{"line":265,"column":21},"end":{"line":265,"column":45}},"134":{"start":{"line":266,"column":8},"end":{"line":268,"column":9}},"135":{"start":{"line":267,"column":12},"end":{"line":267,"column":79}},"136":{"start":{"line":269,"column":8},"end":{"line":269,"column":34}},"137":{"start":{"line":270,"column":8},"end":{"line":270,"column":40}},"138":{"start":{"line":271,"column":8},"end":{"line":271,"column":78}},"139":{"start":{"line":273,"column":8},"end":{"line":273,"column":67}},"140":{"start":{"line":274,"column":8},"end":{"line":274,"column":65}}},"fnMap":{"0":{"name":"(anonymous_0)","decl":{"start":{"line":14,"column":24},"end":{"line":14,"column":25}},"loc":{"start":{"line":14,"column":44},"end":{"line":23,"column":1}},"line":14},"1":{"name":"(anonymous_1)","decl":{"start":{"line":34,"column":19},"end":{"line":34,"column":20}},"loc":{"start":{"line":34,"column":39},"end":{"line":46,"column":1}},"line":34},"2":{"name":"(anonymous_2)","decl":{"start":{"line":57,"column":21},"end":{"line":57,"column":22}},"loc":{"start":{"line":57,"column":41},"end":{"line":80,"column":1}},"line":57},"3":{"name":"(anonymous_3)","decl":{"start":{"line":67,"column":45},"end":{"line":67,"column":46}},"loc":{"start":{"line":67,"column":53},"end":{"line":67,"column":75}},"line":67},"4":{"name":"(anonymous_4)","decl":{"start":{"line":91,"column":21},"end":{"line":91,"column":22}},"loc":{"start":{"line":91,"column":41},"end":{"line":112,"column":1}},"line":91},"5":{"name":"(anonymous_5)","decl":{"start":{"line":102,"column":47},"end":{"line":102,"column":48}},"loc":{"start":{"line":102,"column":55},"end":{"line":102,"column":77}},"line":102},"6":{"name":"(anonymous_6)","decl":{"start":{"line":123,"column":27},"end":{"line":123,"column":28}},"loc":{"start":{"line":123,"column":47},"end":{"line":144,"column":1}},"line":123},"7":{"name":"(anonymous_7)","decl":{"start":{"line":133,"column":41},"end":{"line":133,"column":42}},"loc":{"start":{"line":133,"column":49},"end":{"line":133,"column":71}},"line":133},"8":{"name":"(anonymous_8)","decl":{"start":{"line":155,"column":21},"end":{"line":155,"column":22}},"loc":{"start":{"line":155,"column":41},"end":{"line":180,"column":1}},"line":155},"9":{"name":"(anonymous_9)","decl":{"start":{"line":165,"column":46},"end":{"line":165,"column":47}},"loc":{"start":{"line":165,"column":54},"end":{"line":165,"column":108}},"line":165},"10":{"name":"(anonymous_10)","decl":{"start":{"line":169,"column":41},"end":{"line":169,"column":42}},"loc":{"start":{"line":169,"column":49},"end":{"line":169,"column":74}},"line":169},"11":{"name":"(anonymous_11)","decl":{"start":{"line":191,"column":22},"end":{"line":191,"column":23}},"loc":{"start":{"line":191,"column":42},"end":{"line":220,"column":1}},"line":191},"12":{"name":"(anonymous_12)","decl":{"start":{"line":202,"column":25},"end":{"line":202,"column":26}},"loc":{"start":{"line":202,"column":37},"end":{"line":207,"column":9}},"line":202},"13":{"name":"(anonymous_13)","decl":{"start":{"line":203,"column":45},"end":{"line":203,"column":46}},"loc":{"start":{"line":203,"column":53},"end":{"line":203,"column":75}},"line":203},"14":{"name":"(anonymous_14)","decl":{"start":{"line":208,"column":31},"end":{"line":208,"column":32}},"loc":{"start":{"line":208,"column":39},"end":{"line":212,"column":9}},"line":208},"15":{"name":"(anonymous_15)","decl":{"start":{"line":231,"column":25},"end":{"line":231,"column":26}},"loc":{"start":{"line":231,"column":45},"end":{"line":248,"column":1}},"line":231},"16":{"name":"(anonymous_16)","decl":{"start":{"line":259,"column":25},"end":{"line":259,"column":26}},"loc":{"start":{"line":259,"column":45},"end":{"line":276,"column":1}},"line":259}},"branchMap":{"0":{"loc":{"start":{"line":36,"column":4},"end":{"line":38,"column":5}},"type":"if","locations":[{"start":{"line":36,"column":4},"end":{"line":38,"column":5}},{"start":{},"end":{}}],"line":36},"1":{"loc":{"start":{"line":41,"column":17},"end":{"line":41,"column":37}},"type":"binary-expr","locations":[{"start":{"line":41,"column":17},"end":{"line":41,"column":31}},{"start":{"line":41,"column":35},"end":{"line":41,"column":37}}],"line":41},"2":{"loc":{"start":{"line":59,"column":4},"end":{"line":61,"column":5}},"type":"if","locations":[{"start":{"line":59,"column":4},"end":{"line":61,"column":5}},{"start":{},"end":{}}],"line":59},"3":{"loc":{"start":{"line":59,"column":8},"end":{"line":59,"column":30}},"type":"binary-expr","locations":[{"start":{"line":59,"column":8},"end":{"line":59,"column":17}},{"start":{"line":59,"column":21},"end":{"line":59,"column":30}}],"line":59},"4":{"loc":{"start":{"line":64,"column":8},"end":{"line":66,"column":9}},"type":"if","locations":[{"start":{"line":64,"column":8},"end":{"line":66,"column":9}},{"start":{},"end":{}}],"line":64},"5":{"loc":{"start":{"line":68,"column":8},"end":{"line":70,"column":9}},"type":"if","locations":[{"start":{"line":68,"column":8},"end":{"line":70,"column":9}},{"start":{},"end":{}}],"line":68},"6":{"loc":{"start":{"line":71,"column":23},"end":{"line":71,"column":107}},"type":"cond-expr","locations":[{"start":{"line":71,"column":82},"end":{"line":71,"column":101}},{"start":{"line":71,"column":104},"end":{"line":71,"column":107}}],"line":71},"7":{"loc":{"start":{"line":71,"column":24},"end":{"line":71,"column":78}},"type":"binary-expr","locations":[{"start":{"line":71,"column":24},"end":{"line":71,"column":35}},{"start":{"line":71,"column":39},"end":{"line":71,"column":55}},{"start":{"line":71,"column":59},"end":{"line":71,"column":78}}],"line":71},"8":{"loc":{"start":{"line":93,"column":4},"end":{"line":95,"column":5}},"type":"if","locations":[{"start":{"line":93,"column":4},"end":{"line":95,"column":5}},{"start":{},"end":{}}],"line":93},"9":{"loc":{"start":{"line":93,"column":8},"end":{"line":93,"column":30}},"type":"binary-expr","locations":[{"start":{"line":93,"column":8},"end":{"line":93,"column":17}},{"start":{"line":93,"column":21},"end":{"line":93,"column":30}}],"line":93},"10":{"loc":{"start":{"line":98,"column":8},"end":{"line":100,"column":9}},"type":"if","locations":[{"start":{"line":98,"column":8},"end":{"line":100,"column":9}},{"start":{},"end":{}}],"line":98},"11":{"loc":{"start":{"line":103,"column":8},"end":{"line":105,"column":9}},"type":"if","locations":[{"start":{"line":103,"column":8},"end":{"line":105,"column":9}},{"start":{},"end":{}}],"line":103},"12":{"loc":{"start":{"line":125,"column":4},"end":{"line":127,"column":5}},"type":"if","locations":[{"start":{"line":125,"column":4},"end":{"line":127,"column":5}},{"start":{},"end":{}}],"line":125},"13":{"loc":{"start":{"line":125,"column":8},"end":{"line":125,"column":30}},"type":"binary-expr","locations":[{"start":{"line":125,"column":8},"end":{"line":125,"column":17}},{"start":{"line":125,"column":21},"end":{"line":125,"column":30}}],"line":125},"14":{"loc":{"start":{"line":130,"column":8},"end":{"line":132,"column":9}},"type":"if","locations":[{"start":{"line":130,"column":8},"end":{"line":132,"column":9}},{"start":{},"end":{}}],"line":130},"15":{"loc":{"start":{"line":134,"column":8},"end":{"line":136,"column":9}},"type":"if","locations":[{"start":{"line":134,"column":8},"end":{"line":136,"column":9}},{"start":{},"end":{}}],"line":134},"16":{"loc":{"start":{"line":157,"column":4},"end":{"line":159,"column":5}},"type":"if","locations":[{"start":{"line":157,"column":4},"end":{"line":159,"column":5}},{"start":{},"end":{}}],"line":157},"17":{"loc":{"start":{"line":157,"column":8},"end":{"line":157,"column":49}},"type":"binary-expr","locations":[{"start":{"line":157,"column":8},"end":{"line":157,"column":17}},{"start":{"line":157,"column":21},"end":{"line":157,"column":33}},{"start":{"line":157,"column":37},"end":{"line":157,"column":49}}],"line":157},"18":{"loc":{"start":{"line":162,"column":8},"end":{"line":164,"column":9}},"type":"if","locations":[{"start":{"line":162,"column":8},"end":{"line":164,"column":9}},{"start":{},"end":{}}],"line":162},"19":{"loc":{"start":{"line":165,"column":54},"end":{"line":165,"column":108}},"type":"binary-expr","locations":[{"start":{"line":165,"column":54},"end":{"line":165,"column":79}},{"start":{"line":165,"column":83},"end":{"line":165,"column":108}}],"line":165},"20":{"loc":{"start":{"line":166,"column":8},"end":{"line":168,"column":9}},"type":"if","locations":[{"start":{"line":166,"column":8},"end":{"line":168,"column":9}},{"start":{},"end":{}}],"line":166},"21":{"loc":{"start":{"line":170,"column":8},"end":{"line":172,"column":9}},"type":"if","locations":[{"start":{"line":170,"column":8},"end":{"line":172,"column":9}},{"start":{},"end":{}}],"line":170},"22":{"loc":{"start":{"line":193,"column":4},"end":{"line":195,"column":5}},"type":"if","locations":[{"start":{"line":193,"column":4},"end":{"line":195,"column":5}},{"start":{},"end":{}}],"line":193},"23":{"loc":{"start":{"line":193,"column":8},"end":{"line":193,"column":45}},"type":"binary-expr","locations":[{"start":{"line":193,"column":8},"end":{"line":193,"column":17}},{"start":{"line":193,"column":21},"end":{"line":193,"column":45}}],"line":193},"24":{"loc":{"start":{"line":198,"column":8},"end":{"line":200,"column":9}},"type":"if","locations":[{"start":{"line":198,"column":8},"end":{"line":200,"column":9}},{"start":{},"end":{}}],"line":198},"25":{"loc":{"start":{"line":204,"column":12},"end":{"line":206,"column":13}},"type":"if","locations":[{"start":{"line":204,"column":12},"end":{"line":206,"column":13}},{"start":{},"end":{}}],"line":204},"26":{"loc":{"start":{"line":209,"column":12},"end":{"line":211,"column":13}},"type":"if","locations":[{"start":{"line":209,"column":12},"end":{"line":211,"column":13}},{"start":{},"end":{}}],"line":209},"27":{"loc":{"start":{"line":233,"column":4},"end":{"line":235,"column":5}},"type":"if","locations":[{"start":{"line":233,"column":4},"end":{"line":235,"column":5}},{"start":{},"end":{}}],"line":233},"28":{"loc":{"start":{"line":238,"column":8},"end":{"line":240,"column":9}},"type":"if","locations":[{"start":{"line":238,"column":8},"end":{"line":240,"column":9}},{"start":{},"end":{}}],"line":238},"29":{"loc":{"start":{"line":261,"column":4},"end":{"line":263,"column":5}},"type":"if","locations":[{"start":{"line":261,"column":4},"end":{"line":263,"column":5}},{"start":{},"end":{}}],"line":261},"30":{"loc":{"start":{"line":266,"column":8},"end":{"line":268,"column":9}},"type":"if","locations":[{"start":{"line":266,"column":8},"end":{"line":268,"column":9}},{"start":{},"end":{}}],"line":266}},"s":{"0":1,"1":1,"2":1,"3":1,"4":5,"5":5,"6":3,"7":3,"8":2,"9":2,"10":1,"11":6,"12":6,"13":1,"14":5,"15":5,"16":4,"17":1,"18":1,"19":1,"20":13,"21":13,"22":2,"23":11,"24":11,"25":11,"26":1,"27":10,"28":35,"29":10,"30":1,"31":9,"32":9,"33":9,"34":9,"35":8,"36":1,"37":1,"38":1,"39":5,"40":5,"41":1,"42":4,"43":4,"44":4,"45":1,"46":3,"47":3,"48":11,"49":3,"50":1,"51":2,"52":1,"53":1,"54":1,"55":1,"56":5,"57":5,"58":1,"59":4,"60":4,"61":4,"62":0,"63":4,"64":9,"65":4,"66":1,"67":3,"68":3,"69":2,"70":1,"71":1,"72":1,"73":7,"74":7,"75":2,"76":5,"77":5,"78":5,"79":1,"80":4,"81":16,"82":4,"83":1,"84":3,"85":12,"86":3,"87":1,"88":2,"89":2,"90":1,"91":1,"92":1,"93":1,"94":4,"95":4,"96":1,"97":3,"98":3,"99":3,"100":1,"101":2,"102":2,"103":3,"104":16,"105":3,"106":3,"107":2,"108":15,"109":12,"110":2,"111":2,"112":1,"113":1,"114":1,"115":1,"116":6,"117":6,"118":1,"119":5,"120":5,"121":5,"122":1,"123":4,"124":4,"125":3,"126":1,"127":1,"128":1,"129":4,"130":4,"131":1,"132":3,"133":3,"134":3,"135":1,"136":2,"137":2,"138":1,"139":1,"140":1},"f":{"0":5,"1":6,"2":13,"3":35,"4":5,"5":11,"6":5,"7":9,"8":7,"9":16,"10":12,"11":4,"12":3,"13":16,"14":15,"15":6,"16":4},"b":{"0":[1,5],"1":[4,0],"2":[2,11],"3":[13,12],"4":[1,10],"5":[1,9],"6":[0,9],"7":[9,0,0],"8":[1,4],"9":[5,5],"10":[1,3],"11":[1,2],"12":[1,4],"13":[5,5],"14":[0,4],"15":[1,3],"16":[2,5],"17":[7,7,6],"18":[1,4],"19":[16,1],"20":[1,3],"21":[1,2],"22":[1,3],"23":[4,4],"24":[1,2],"25":[3,0],"26":[12,3],"27":[1,5],"28":[1,4],"29":[1,3],"30":[1,2]},"_coverageSchema":"1a1c01bbd47fc00a2c39e90264f33305004495a9","hash":"473dc0d7a41fccd01b5f7d2bfed66a162c0ad4c1"}
,"/home/tim/WebstormProjects/SoftwareEngineering/backend/routes/shoppinglistRoutes.js": {"path":"/home/tim/WebstormProjects/SoftwareEngineering/backend/routes/shoppinglistRoutes.js","statementMap":{"0":{"start":{"line":1,"column":16},"end":{"line":1,"column":34}},"1":{"start":{"line":2,"column":15},"end":{"line":2,"column":31}},"2":{"start":{"line":3,"column":31},"end":{"line":3,"column":79}},"3":{"start":{"line":6,"column":0},"end":{"line":12,"column":3}},"4":{"start":{"line":7,"column":4},"end":{"line":11,"column":7}},"5":{"start":{"line":16,"column":0},"end":{"line":16,"column":64}},"6":{"start":{"line":17,"column":0},"end":{"line":17,"column":54}},"7":{"start":{"line":18,"column":0},"end":{"line":18,"column":56}},"8":{"start":{"line":19,"column":0},"end":{"line":19,"column":58}},"9":{"start":{"line":20,"column":0},"end":{"line":20,"column":64}},"10":{"start":{"line":21,"column":0},"end":{"line":21,"column":55}},"11":{"start":{"line":22,"column":0},"end":{"line":22,"column":57}},"12":{"start":{"line":23,"column":0},"end":{"line":23,"column":64}},"13":{"start":{"line":24,"column":0},"end":{"line":24,"column":66}},"14":{"start":{"line":26,"column":0},"end":{"line":26,"column":24}}},"fnMap":{"0":{"name":"(anonymous_0)","decl":{"start":{"line":6,"column":16},"end":{"line":6,"column":17}},"loc":{"start":{"line":6,"column":30},"end":{"line":12,"column":1}},"line":6}},"branchMap":{},"s":{"0":1,"1":1,"2":1,"3":1,"4":0,"5":1,"6":1,"7":1,"8":1,"9":1,"10":1,"11":1,"12":1,"13":1,"14":1},"f":{"0":0},"b":{},"_coverageSchema":"1a1c01bbd47fc00a2c39e90264f33305004495a9","hash":"e40316fb372f5e02803b7fb2b2573fb01a8e777f"}
}
