{"/home/fabio/WebstormProjects/bitteGeh/SoftwareEngineering/backend/models/calendarModel.js": {"path":"/home/fabio/WebstormProjects/bitteGeh/SoftwareEngineering/backend/models/calendarModel.js","statementMap":{"0":{"start":{"line":1,"column":11},"end":{"line":1,"column":24}},"1":{"start":{"line":2,"column":13},"end":{"line":2,"column":28}},"2":{"start":{"line":4,"column":18},"end":{"line":4,"column":60}},"3":{"start":{"line":5,"column":21},"end":{"line":5,"column":66}},"4":{"start":{"line":8,"column":0},"end":{"line":11,"column":2}},"5":{"start":{"line":9,"column":17},"end":{"line":9,"column":43}},"6":{"start":{"line":10,"column":4},"end":{"line":10,"column":28}},"7":{"start":{"line":13,"column":0},"end":{"line":15,"column":2}},"8":{"start":{"line":14,"column":4},"end":{"line":14,"column":59}},"9":{"start":{"line":14,"column":43},"end":{"line":14,"column":57}},"10":{"start":{"line":17,"column":22},"end":{"line":21,"column":1}},"11":{"start":{"line":18,"column":4},"end":{"line":18,"column":48}},"12":{"start":{"line":18,"column":38},"end":{"line":18,"column":48}},"13":{"start":{"line":19,"column":17},"end":{"line":19,"column":46}},"14":{"start":{"line":20,"column":4},"end":{"line":20,"column":28}},"15":{"start":{"line":23,"column":22},"end":{"line":25,"column":1}},"16":{"start":{"line":24,"column":4},"end":{"line":24,"column":71}},"17":{"start":{"line":27,"column":0},"end":{"line":41,"column":2}},"18":{"start":{"line":28,"column":22},"end":{"line":28,"column":37}},"19":{"start":{"line":29,"column":15},"end":{"line":29,"column":34}},"20":{"start":{"line":30,"column":24},"end":{"line":37,"column":5}},"21":{"start":{"line":38,"column":4},"end":{"line":38,"column":32}},"22":{"start":{"line":39,"column":4},"end":{"line":39,"column":29}},"23":{"start":{"line":40,"column":4},"end":{"line":40,"column":23}},"24":{"start":{"line":43,"column":0},"end":{"line":46,"column":2}},"25":{"start":{"line":44,"column":22},"end":{"line":44,"column":37}},"26":{"start":{"line":45,"column":4},"end":{"line":45,"column":55}},"27":{"start":{"line":45,"column":33},"end":{"line":45,"column":53}},"28":{"start":{"line":48,"column":0},"end":{"line":51,"column":2}},"29":{"start":{"line":49,"column":22},"end":{"line":49,"column":37}},"30":{"start":{"line":50,"column":4},"end":{"line":50,"column":76}},"31":{"start":{"line":50,"column":31},"end":{"line":50,"column":74}},"32":{"start":{"line":53,"column":0},"end":{"line":61,"column":2}},"33":{"start":{"line":54,"column":22},"end":{"line":54,"column":37}},"34":{"start":{"line":55,"column":21},"end":{"line":55,"column":85}},"35":{"start":{"line":55,"column":41},"end":{"line":55,"column":84}},"36":{"start":{"line":56,"column":4},"end":{"line":56,"column":32}},"37":{"start":{"line":56,"column":19},"end":{"line":56,"column":32}},"38":{"start":{"line":58,"column":4},"end":{"line":58,"column":32}},"39":{"start":{"line":59,"column":4},"end":{"line":59,"column":29}},"40":{"start":{"line":60,"column":4},"end":{"line":60,"column":16}},"41":{"start":{"line":63,"column":0},"end":{"line":71,"column":2}},"42":{"start":{"line":64,"column":22},"end":{"line":64,"column":37}},"43":{"start":{"line":65,"column":21},"end":{"line":65,"column":85}},"44":{"start":{"line":65,"column":41},"end":{"line":65,"column":84}},"45":{"start":{"line":66,"column":4},"end":{"line":66,"column":32}},"46":{"start":{"line":66,"column":19},"end":{"line":66,"column":32}},"47":{"start":{"line":68,"column":4},"end":{"line":68,"column":91}},"48":{"start":{"line":68,"column":50},"end":{"line":68,"column":89}},"49":{"start":{"line":69,"column":4},"end":{"line":69,"column":29}},"50":{"start":{"line":70,"column":4},"end":{"line":70,"column":16}}},"fnMap":{"0":{"name":"(anonymous_0)","decl":{"start":{"line":8,"column":19},"end":{"line":8,"column":20}},"loc":{"start":{"line":8,"column":25},"end":{"line":11,"column":1}},"line":8},"1":{"name":"(anonymous_1)","decl":{"start":{"line":13,"column":22},"end":{"line":13,"column":23}},"loc":{"start":{"line":13,"column":30},"end":{"line":15,"column":1}},"line":13},"2":{"name":"(anonymous_2)","decl":{"start":{"line":14,"column":35},"end":{"line":14,"column":36}},"loc":{"start":{"line":14,"column":43},"end":{"line":14,"column":57}},"line":14},"3":{"name":"(anonymous_3)","decl":{"start":{"line":17,"column":22},"end":{"line":17,"column":23}},"loc":{"start":{"line":17,"column":28},"end":{"line":21,"column":1}},"line":17},"4":{"name":"(anonymous_4)","decl":{"start":{"line":23,"column":22},"end":{"line":23,"column":23}},"loc":{"start":{"line":23,"column":37},"end":{"line":25,"column":1}},"line":23},"5":{"name":"(anonymous_5)","decl":{"start":{"line":27,"column":25},"end":{"line":27,"column":26}},"loc":{"start":{"line":27,"column":75},"end":{"line":41,"column":1}},"line":27},"6":{"name":"(anonymous_6)","decl":{"start":{"line":43,"column":30},"end":{"line":43,"column":31}},"loc":{"start":{"line":43,"column":42},"end":{"line":46,"column":1}},"line":43},"7":{"name":"(anonymous_7)","decl":{"start":{"line":45,"column":28},"end":{"line":45,"column":29}},"loc":{"start":{"line":45,"column":33},"end":{"line":45,"column":53}},"line":45},"8":{"name":"(anonymous_8)","decl":{"start":{"line":48,"column":26},"end":{"line":48,"column":27}},"loc":{"start":{"line":48,"column":50},"end":{"line":51,"column":1}},"line":48},"9":{"name":"(anonymous_9)","decl":{"start":{"line":50,"column":26},"end":{"line":50,"column":27}},"loc":{"start":{"line":50,"column":31},"end":{"line":50,"column":74}},"line":50},"10":{"name":"(anonymous_10)","decl":{"start":{"line":53,"column":29},"end":{"line":53,"column":30}},"loc":{"start":{"line":53,"column":60},"end":{"line":61,"column":1}},"line":53},"11":{"name":"(anonymous_11)","decl":{"start":{"line":55,"column":36},"end":{"line":55,"column":37}},"loc":{"start":{"line":55,"column":41},"end":{"line":55,"column":84}},"line":55},"12":{"name":"(anonymous_12)","decl":{"start":{"line":63,"column":34},"end":{"line":63,"column":35}},"loc":{"start":{"line":63,"column":71},"end":{"line":71,"column":1}},"line":63},"13":{"name":"(anonymous_13)","decl":{"start":{"line":65,"column":36},"end":{"line":65,"column":37}},"loc":{"start":{"line":65,"column":41},"end":{"line":65,"column":84}},"line":65},"14":{"name":"(anonymous_14)","decl":{"start":{"line":68,"column":45},"end":{"line":68,"column":46}},"loc":{"start":{"line":68,"column":50},"end":{"line":68,"column":89}},"line":68}},"branchMap":{"0":{"loc":{"start":{"line":18,"column":4},"end":{"line":18,"column":48}},"type":"if","locations":[{"start":{"line":18,"column":4},"end":{"line":18,"column":48}},{"start":{},"end":{}}],"line":18},"1":{"loc":{"start":{"line":27,"column":41},"end":{"line":27,"column":56}},"type":"default-arg","locations":[{"start":{"line":27,"column":54},"end":{"line":27,"column":56}}],"line":27},"2":{"loc":{"start":{"line":27,"column":58},"end":{"line":27,"column":70}},"type":"default-arg","locations":[{"start":{"line":27,"column":66},"end":{"line":27,"column":70}}],"line":27},"3":{"loc":{"start":{"line":50,"column":31},"end":{"line":50,"column":74}},"type":"binary-expr","locations":[{"start":{"line":50,"column":31},"end":{"line":50,"column":50}},{"start":{"line":50,"column":54},"end":{"line":50,"column":74}}],"line":50},"4":{"loc":{"start":{"line":55,"column":41},"end":{"line":55,"column":84}},"type":"binary-expr","locations":[{"start":{"line":55,"column":41},"end":{"line":55,"column":60}},{"start":{"line":55,"column":64},"end":{"line":55,"column":84}}],"line":55},"5":{"loc":{"start":{"line":56,"column":4},"end":{"line":56,"column":32}},"type":"if","locations":[{"start":{"line":56,"column":4},"end":{"line":56,"column":32}},{"start":{},"end":{}}],"line":56},"6":{"loc":{"start":{"line":65,"column":41},"end":{"line":65,"column":84}},"type":"binary-expr","locations":[{"start":{"line":65,"column":41},"end":{"line":65,"column":60}},{"start":{"line":65,"column":64},"end":{"line":65,"column":84}}],"line":65},"7":{"loc":{"start":{"line":66,"column":4},"end":{"line":66,"column":32}},"type":"if","locations":[{"start":{"line":66,"column":4},"end":{"line":66,"column":32}},{"start":{},"end":{}}],"line":66},"8":{"loc":{"start":{"line":68,"column":52},"end":{"line":68,"column":88}},"type":"binary-expr","locations":[{"start":{"line":68,"column":52},"end":{"line":68,"column":67}},{"start":{"line":68,"column":71},"end":{"line":68,"column":88}}],"line":68}},"s":{"0":1,"1":1,"2":1,"3":1,"4":1,"5":1,"6":1,"7":1,"8":0,"9":0,"10":1,"11":11,"12":0,"13":11,"14":11,"15":1,"16":7,"17":1,"18":4,"19":4,"20":4,"21":4,"22":4,"23":4,"24":1,"25":1,"26":1,"27":1,"28":1,"29":3,"30":3,"31":3,"32":1,"33":2,"34":2,"35":2,"36":2,"37":0,"38":2,"39":2,"40":2,"41":1,"42":1,"43":1,"44":1,"45":1,"46":0,"47":1,"48":1,"49":1,"50":1},"f":{"0":1,"1":0,"2":0,"3":11,"4":7,"5":4,"6":1,"7":1,"8":3,"9":3,"10":2,"11":2,"12":1,"13":1,"14":1},"b":{"0":[0,11],"1":[3],"2":[4],"3":[3,3],"4":[2,2],"5":[0,2],"6":[1,1],"7":[0,1],"8":[1,1]},"_coverageSchema":"1a1c01bbd47fc00a2c39e90264f33305004495a9","hash":"d41b810a3bb3216a17d3080b99c689e70d2ffabd"}
}
