TN:
SF:backend/controllers/calendarController.js
FN:3,(anonymous_0)
FN:8,(anonymous_1)
FN:20,(anonymous_2)
FN:26,(anonymous_3)
FN:33,(anonymous_4)
FN:34,(anonymous_5)
FN:44,(anonymous_6)
FN:47,(anonymous_7)
FN:65,(anonymous_8)
FN:76,(anonymous_9)
FNF:10
FNH:9
FNDA:1,(anonymous_0)
FNDA:1,(anonymous_1)
FNDA:1,(anonymous_2)
FNDA:1,(anonymous_3)
FNDA:1,(anonymous_4)
FNDA:2,(anonymous_5)
FNDA:30,(anonymous_6)
FNDA:0,(anonymous_7)
FNDA:1,(anonymous_8)
FNDA:1,(anonymous_9)
DA:1,1
DA:3,1
DA:4,1
DA:5,1
DA:8,1
DA:9,1
DA:10,1
DA:12,1
DA:13,0
DA:16,1
DA:17,1
DA:20,1
DA:21,1
DA:22,1
DA:23,1
DA:26,1
DA:27,1
DA:28,1
DA:29,1
DA:31,1
DA:32,1
DA:33,1
DA:34,2
DA:38,1
DA:39,1
DA:40,1
DA:42,1
DA:44,1
DA:45,30
DA:46,30
DA:47,30
DA:48,30
DA:51,1
DA:53,1
DA:65,1
DA:66,1
DA:67,1
DA:69,1
DA:71,1
DA:73,1
DA:76,1
DA:77,1
DA:78,1
DA:80,1
DA:82,1
DA:84,1
LF:46
LH:45
BRDA:10,0,0,1
BRDA:10,0,1,0
BRDA:12,1,0,0
BRDA:12,1,1,1
BRDA:29,2,0,0
BRDA:29,2,1,1
BRDA:39,3,0,1
BRDA:39,3,1,1
BRDA:40,4,0,1
BRDA:40,4,1,1
BRDA:71,5,0,0
BRDA:71,5,1,1
BRDA:82,6,0,0
BRDA:82,6,1,1
BRF:14
BRH:9
end_of_record
TN:
SF:backend/models/calendarModel.js
FN:8,(anonymous_0)
FN:13,(anonymous_1)
FN:14,(anonymous_2)
FN:17,(anonymous_3)
FN:23,(anonymous_4)
FN:27,(anonymous_5)
FN:43,(anonymous_6)
FN:45,(anonymous_7)
FN:48,(anonymous_8)
FN:50,(anonymous_9)
FN:53,(anonymous_10)
FN:55,(anonymous_11)
FN:63,(anonymous_12)
FN:65,(anonymous_13)
FN:68,(anonymous_14)
FNF:15
FNH:15
FNDA:4,(anonymous_0)
FNDA:1,(anonymous_1)
FNDA:1,(anonymous_2)
FNDA:25,(anonymous_3)
FNDA:16,(anonymous_4)
FNDA:10,(anonymous_5)
FNDA:3,(anonymous_6)
FNDA:4,(anonymous_7)
FNDA:6,(anonymous_8)
FNDA:6,(anonymous_9)
FNDA:4,(anonymous_10)
FNDA:4,(anonymous_11)
FNDA:2,(anonymous_12)
FNDA:2,(anonymous_13)
FNDA:2,(anonymous_14)
DA:1,2
DA:2,2
DA:4,2
DA:5,2
DA:8,2
DA:9,4
DA:10,4
DA:13,2
DA:14,1
DA:17,2
DA:18,25
DA:19,25
DA:20,25
DA:23,2
DA:24,16
DA:27,2
DA:28,10
DA:29,10
DA:30,10
DA:38,10
DA:39,10
DA:40,10
DA:43,2
DA:44,3
DA:45,4
DA:48,2
DA:49,6
DA:50,6
DA:53,2
DA:54,4
DA:55,4
DA:56,4
DA:58,4
DA:59,4
DA:60,4
DA:63,2
DA:64,2
DA:65,2
DA:66,2
DA:68,2
DA:69,2
DA:70,2
LF:42
LH:42
BRDA:18,0,0,0
BRDA:18,0,1,25
BRDA:27,1,0,7
BRDA:27,2,0,10
BRDA:50,3,0,6
BRDA:50,3,1,6
BRDA:55,4,0,4
BRDA:55,4,1,4
BRDA:56,5,0,0
BRDA:56,5,1,4
BRDA:65,6,0,2
BRDA:65,6,1,2
BRDA:66,7,0,0
BRDA:66,7,1,2
BRDA:68,8,0,2
BRDA:68,8,1,2
BRF:16
BRH:13
end_of_record
