TN:
SF:backend/controllers/calendarController.js
FN:8,(anonymous_0)
FN:18,(anonymous_1)
FN:35,(anonymous_2)
FN:46,(anonymous_3)
FN:53,(anonymous_4)
FN:54,(anonymous_5)
FN:64,(anonymous_6)
FN:67,(anonymous_7)
FN:89,(anonymous_8)
FN:105,(anonymous_9)
FNF:10
FNH:9
FNDA:1,(anonymous_0)
FNDA:1,(anonymous_1)
FNDA:1,(anonymous_2)
FNDA:2,(anonymous_3)
FNDA:1,(anonymous_4)
FNDA:2,(anonymous_5)
FNDA:30,(anonymous_6)
FNDA:0,(anonymous_7)
FNDA:2,(anonymous_8)
FNDA:2,(anonymous_9)
DA:1,1
DA:8,1
DA:9,1
DA:10,1
DA:18,1
DA:19,1
DA:20,1
DA:22,1
DA:23,0
DA:26,1
DA:27,1
DA:35,1
DA:36,1
DA:37,1
DA:38,1
DA:46,1
DA:47,2
DA:48,2
DA:49,2
DA:51,1
DA:52,1
DA:53,1
DA:54,2
DA:58,1
DA:59,1
DA:60,1
DA:62,1
DA:64,1
DA:65,30
DA:66,30
DA:67,30
DA:68,30
DA:71,1
DA:73,1
DA:89,1
DA:90,2
DA:91,2
DA:93,2
DA:95,2
DA:97,1
DA:105,1
DA:106,2
DA:107,2
DA:109,2
DA:111,2
DA:113,1
LF:46
LH:45
BRDA:20,0,0,1
BRDA:20,0,1,0
BRDA:22,1,0,0
BRDA:22,1,1,1
BRDA:49,2,0,1
BRDA:49,2,1,1
BRDA:59,3,0,1
BRDA:59,3,1,1
BRDA:60,4,0,1
BRDA:60,4,1,1
BRDA:95,5,0,1
BRDA:95,5,1,1
BRDA:111,6,0,1
BRDA:111,6,1,1
BRF:14
BRH:12
end_of_record
TN:
SF:backend/models/calendarModel.js
FN:11,(anonymous_0)
FN:21,(anonymous_1)
FN:22,(anonymous_2)
FN:30,(anonymous_3)
FN:41,(anonymous_4)
FN:53,(anonymous_5)
FN:74,(anonymous_6)
FN:76,(anonymous_7)
FN:85,(anonymous_8)
FN:87,(anonymous_9)
FN:99,(anonymous_10)
FN:101,(anonymous_11)
FN:117,(anonymous_12)
FN:119,(anonymous_13)
FN:122,(anonymous_14)
FNF:15
FNH:15
FNDA:4,(anonymous_0)
FNDA:1,(anonymous_1)
FNDA:1,(anonymous_2)
FNDA:28,(anonymous_3)
FNDA:16,(anonymous_4)
FNDA:10,(anonymous_5)
FNDA:3,(anonymous_6)
FNDA:4,(anonymous_7)
FNDA:7,(anonymous_8)
FNDA:6,(anonymous_9)
FNDA:5,(anonymous_10)
FNDA:4,(anonymous_11)
FNDA:3,(anonymous_12)
FNDA:2,(anonymous_13)
FNDA:2,(anonymous_14)
DA:1,2
DA:2,2
DA:4,2
DA:5,2
DA:11,2
DA:12,4
DA:13,4
DA:21,2
DA:22,1
DA:30,2
DA:31,28
DA:32,28
DA:33,28
DA:41,2
DA:42,16
DA:53,2
DA:54,10
DA:55,10
DA:56,10
DA:64,10
DA:65,10
DA:66,10
DA:74,2
DA:75,3
DA:76,4
DA:85,2
DA:86,7
DA:87,7
DA:99,2
DA:100,5
DA:101,5
DA:102,5
DA:104,4
DA:105,4
DA:106,4
DA:117,2
DA:118,3
DA:119,3
DA:120,3
DA:122,2
DA:123,2
DA:124,2
LF:42
LH:42
BRDA:31,0,0,0
BRDA:31,0,1,28
BRDA:53,1,0,7
BRDA:53,2,0,10
BRDA:87,3,0,6
BRDA:87,3,1,6
BRDA:101,4,0,4
BRDA:101,4,1,4
BRDA:102,5,0,1
BRDA:102,5,1,4
BRDA:119,6,0,2
BRDA:119,6,1,2
BRDA:120,7,0,1
BRDA:120,7,1,2
BRDA:122,8,0,2
BRDA:122,8,1,2
BRF:16
BRH:15
end_of_record
